23:28:39,50 55 46 46 2c 31 38 33 0d 0a
23:29:05,50 55 46 46 2c 31 38 32 0d 0a
00:20:22,50 55 46 46 2c 31 39 33 0d 0a
00:20:23,50 55 46 46 2c 31 39 32 0d 0a
00:20:26,50 55 46 46 2c 31 39 31 0d 0a
00:20:31,50 55 46 46 2c 31 39 30 0d 0a
00:20:43,50 55 46 46 2c 31 38 39 0d 0a
00:20:44,50 55 46 46 2c 31 38 38 0d 0a
17:49:41,50 55 46 46 2c 31 39 39 0d 0a
17:53:39,50 55 46 46 2c 31 39 36 0d 0a
17:53:59,50 55 46 46 2c 31 39 35 0d 0a
17:55:10,50 55 46 46 2c 31 39 38 0d 0a
18:16:01,50 55 46 46 2c 31 39 37 0d 0a
18:16:33,50 55 46 46 2c 31 39 36 0d 0a
18:16:35,50 55 46 46 2c 31 39 35 0d 0a
18:16:37,50 55 46 46 2c 31 39 34 0d 0a
18:16:39,50 55 46 46 2c 31 39 33 0d 0a
18:24:53,50 55 46 46 2c 31 39 32 0d 0a
18:24:58,50 55 46 46 2c 31 39 31 0d 0a
18:45:00,50 55 46 46 2c 31 39 35 0d 0a
18:45:07,50 55 46 46 2c 31 39 34 0d 0a
18:45:21,50 55 46 46 2c 31 39 33 0d 0a
20:34:45,50 55 46 46 2c 31 39 38 0d 0a
20:35:09,50 55 46 46 2c 31 39 37 0d 0a
20:35:11,50 55 46 46 2c 31 39 36 0d 0a
20:35:13,50 55 46 46 2c 31 39 35 0d 0a
17:50:37,50 55 46 46 2c 31 39 35 0d 0a
17:50:39,50 55 46 46 2c 31 39 34 0d 0a
17:50:41,50 55 46 46 2c 31 39 33 0d 0a
17:50:48,50 55 46 46 2c 31 39 32 0d 0a
17:50:49,50 55 46 46 2c 31 39 31 0d 0a
17:50:53,50 55 46 46 2c 31 39 30 0d 0a
17:51:50,50 55 46 46 2c 31 38 39 0d 0a
17:51:52,50 55 46 46 2c 31 38 38 0d 0a
17:51:53,50 55 46 46 2c 31 38 37 0d 0a
18:42:08,50 55 46 46 2c 31 38 31 0d 0a
18:42:13,50 55 46 46 2c 31 38 30 0d 0a
